<?xml version="1.0" encoding="UTF-8"?>
<!-- Generated by org.testng.reporters.JUnitReportReporter -->
<testsuite hostname="DESKTOP-CDLH9PH" failures="0" tests="1" name="Home_module1.FB_Testclass" time="9.519" errors="0" timestamp="2023-02-22T03:01:52 IST" skipped="0">
  <testcase classname="Home_module1.FB_Testclass" name="VerifyEmail" time="9.519"/>
  <system-out/>
</testsuite> <!-- Home_module1.FB_Testclass -->
